<?xml version="1.0" encoding="UTF-8"?>
<!-- Generated by org.testng.reporters.JUnitReportReporter -->
<testsuite hostname="DIL-IND-QA08" failures="0" tests="1" name="com.Fleetstudio.Testcases.verificationPageWise" time="20.413" errors="0" timestamp="2022-07-22T18:15:20 IST" skipped="0">
  <testcase classname="com.Fleetstudio.Testcases.verificationPageWise" name="test" time="20.413"/>
  <system-out/>
</testsuite> <!-- com.Fleetstudio.Testcases.verificationPageWise -->
