<?xml version="1.0" encoding="UTF-8"?>
<!-- Generated by org.testng.reporters.JUnitReportReporter -->
<testsuite hostname="DIL-IND-QA08" failures="0" tests="1" name="com.Fleetstudio.Testcases.ExtentReportTestNG" time="17.420" errors="0" timestamp="2022-07-22T12:58:51 IST" skipped="0">
  <testcase classname="com.Fleetstudio.Testcases.ExtentReportTestNG" name="test1" time="17.420"/>
  <system-out/>
</testsuite> <!-- com.Fleetstudio.Testcases.ExtentReportTestNG -->
